This file contains any messages produced by compilers while
running configure, to aid debugging if configure makes a mistake.

It was created by LargeTIFFTools Software configure 1.4.1, which was
generated by GNU Autoconf 2.71.  Invocation command line was

  $ ./configure

## --------- ##
## Platform. ##
## --------- ##

hostname = RyzenDesktop
uname -m = x86_64
uname -r = 3.3.4-341.x86_64
uname -s = MINGW64_NT-10.0-19043
uname -v = 2022-02-15 17:24 UTC

/usr/bin/uname -p = unknown
/bin/uname -X     = unknown

/bin/arch              = x86_64
/usr/bin/arch -k       = unknown
/usr/convex/getsysinfo = unknown
/usr/bin/hostinfo      = unknown
/bin/machine           = unknown
/usr/bin/oslevel       = unknown
/bin/universe          = unknown

PATH: /c/Devel/ImageMagick/
PATH: /mingw64/bin/
PATH: /usr/local/bin/
PATH: /usr/bin/
PATH: /usr/bin/
PATH: /c/Devel/ConEmu/ConEmu/Scripts/
PATH: /c/Devel/ConEmu/
PATH: /c/Devel/ConEmu/ConEmu/
PATH: /c/devel/graphicsmagick/
PATH: /c/Program Files (x86)/Microsoft SDKs/Azure/CLI2/wbin/
PATH: /c/Devel/ImageMagick/
PATH: /c/Program Files (x86)/Common Files/Intel/Shared Files/cpp/bin/Intel64/
PATH: /c/Windows/system32/
PATH: /c/Windows/
PATH: /c/Windows/System32/Wbem/
PATH: /c/Windows/System32/WindowsPowerShell/v1.0/
PATH: /c/Windows/System32/OpenSSH/
PATH: /c/Devel/nvm/
PATH: /c/Devel/nodejs/
PATH: /c/Devel/PuTTY/
PATH: /c/Devel/Kubernetes/Minikube/
PATH: /c/Devel/Git/cmd/
PATH: /c/Program Files/Microsoft SQL Server/130/Tools/Binn/
PATH: /c/Program Files/dotnet/
PATH: /c/Program Files (x86)/dotnet/
PATH: /c/Devel/flutter/bin/
PATH: /c/Program Files/NVIDIA Corporation/NVIDIA NvDLISR/
PATH: /c/Program Files (x86)/NVIDIA Corporation/PhysX/Common/
PATH: /c/Devel/aws/
PATH: /c/Program Files/Microsoft SQL Server/Client SDK/ODBC/170/Tools/Binn/
PATH: /c/ProgramData/chocolatey/bin/
PATH: /c/Program Files/Amazon/SessionManagerPlugin/bin/
PATH: /c/Devel/GCloud/google-cloud-sdk/bin/
PATH: /c/Devel/PDFtkServer/bin/
PATH: /c/Program Files/Docker/Docker/resources/bin/
PATH: /c/ProgramData/DockerDesktop/version-bin/
PATH: /c/Users/tim-m/AppData/Local/Microsoft/WindowsApps/
PATH: /c/Devel/VSCode/bin/
PATH: /c/Devel/VSCodeInsiders/bin/
PATH: /c/Devel/DataGrip/bin/
PATH: /c/Devel/bin/
PATH: /c/devel/jdk-15.0.1/bin/
PATH: /c/Users/tim-m/.dotnet/tools/
PATH: /c/Users/tim-m/AppData/Local/Android/Sdk/platform-tools/
PATH: /usr/bin/site_perl/
PATH: /usr/bin/vendor_perl/
PATH: /usr/bin/core_perl/
PATH: /c/devel/bin/
PATH: /c/Users/tim-m/AppData/Local/Yarn/bin/
PATH: /c/devel/mingw/bin/
PATH: /c/devel/nvm/
PATH: /c/Devel/nodejs/
PATH: /c/devel/VSCode/bin/
PATH: /c/Users/tim-m/anaconda3/envs/gdal/
PATH: /c/Users/tim-m/anaconda3/envs/gdal/Library/mingw-w64/bin/
PATH: /c/Users/tim-m/anaconda3/envs/gdal/Library/usr/bin/
PATH: /c/Users/tim-m/anaconda3/envs/gdal/Library/bin/
PATH: /c/Users/tim-m/anaconda3/envs/gdal/Scripts/
PATH: /c/Users/tim-m/anaconda3/envs/gdal/bin/
PATH: /c/Users/tim-m/anaconda3/condabin/


## ----------- ##
## Core tests. ##
## ----------- ##

configure:2253: loading site script /etc/config.site
| # This file is in public domain.
| # Original author: Karlson2k (Evgeny Grin)
| # Written for MSys2 to help running 'configure' scripts
| 
| # Defaults for MSys2/MinGW64-targeted programs
| 
| # Set proper selfname on bash and fallback to default name on other shells
| test -n "${BASH_SOURCE}" 2>/dev/null && config_site_me="${BASH_SOURCE[0]##*/}" || config_site_me=config.site
| 
| # Set default 'host' to speedup configure
| if test -z "$build_alias"; then
|   build_alias="${MSYSTEM_CHOST}"  && \
|     ${as_echo-echo} "$config_site_me:${as_lineno-$LINENO}: default build_alias set to $build_alias" >&5
| fi
| 
| # Set default 'prefix'
| if ( test -z "$prefix" || test "x$prefix" = "xNONE" ) && \
|     ( test -z "$exec_prefix" || test "x$exec_prefix" = "xNONE" ); then
|   prefix="${MSYSTEM_PREFIX}" && \
|     ${as_echo-echo} "$config_site_me:${as_lineno-$LINENO}: default prefix set to $prefix" >&5
| ficonfig.site:13: default build_alias set to x86_64-w64-mingw32
config.site:20: default prefix set to /mingw64
configure:2612: looking for aux files: compile missing install-sh
configure:2625:  trying ./
configure:2654:   ./compile found
configure:2654:   ./missing found
configure:2636:   ./install-sh found
configure:2783: checking for a BSD-compatible install
configure:2856: result: /usr/bin/install -c
configure:2867: checking whether build environment is sane
configure:2922: result: yes
configure:3081: checking for a race-free mkdir -p
configure:3125: result: /usr/bin/mkdir -p
configure:3132: checking for gawk
configure:3153: found /usr/bin/gawk
configure:3164: result: gawk
configure:3175: checking whether make sets $(MAKE)
configure:3198: result: yes
configure:3228: checking whether make supports nested variables
configure:3246: result: yes
configure:3450: checking for gcc
configure:3471: found /mingw64/bin/gcc
configure:3482: result: gcc
configure:3835: checking for C compiler version
configure:3844: gcc --version >&5
gcc.exe (Rev10, Built by MSYS2 project) 11.2.0
Copyright (C) 2021 Free Software Foundation, Inc.
This is free software; see the source for copying conditions.  There is NO
warranty; not even for MERCHANTABILITY or FITNESS FOR A PARTICULAR PURPOSE.

configure:3855: $? = 0
configure:3844: gcc -v >&5
Using built-in specs.
COLLECT_GCC=C:\Devel\msys64\mingw64\bin\gcc.exe
COLLECT_LTO_WRAPPER=C:/Devel/msys64/mingw64/bin/../lib/gcc/x86_64-w64-mingw32/11.2.0/lto-wrapper.exe
Target: x86_64-w64-mingw32
Configured with: ../gcc-11.2.0/configure --prefix=/mingw64 --with-local-prefix=/mingw64/local --build=x86_64-w64-mingw32 --host=x86_64-w64-mingw32 --target=x86_64-w64-mingw32 --with-native-system-header-dir=/mingw64/include --libexecdir=/mingw64/lib --enable-bootstrap --enable-checking=release --with-arch=x86-64 --with-tune=generic --enable-languages=c,lto,c++,fortran,ada,objc,obj-c++,jit --enable-shared --enable-static --enable-libatomic --enable-threads=posix --enable-graphite --enable-fully-dynamic-string --enable-libstdcxx-filesystem-ts --enable-libstdcxx-time --disable-libstdcxx-pch --disable-libstdcxx-debug --enable-lto --enable-libgomp --disable-multilib --disable-rpath --disable-win32-registry --disable-nls --disable-werror --disable-symvers --with-libiconv --with-system-zlib --with-gmp=/mingw64 --with-mpfr=/mingw64 --with-mpc=/mingw64 --with-isl=/mingw64 --with-pkgversion='Rev10, Built by MSYS2 project' --with-bugurl=https://github.com/msys2/MINGW-packages/issues --with-gnu-as --with-gnu-ld --with-boot-ldflags='-pipe -Wl,--disable-dynamicbase -static-libstdc++ -static-libgcc' LDFLAGS_FOR_TARGET=-pipe --enable-linker-plugin-flags='LDFLAGS=-static-libstdc++\ -static-libgcc\ -pipe\ -Wl,--stack,12582912'
Thread model: posix
Supported LTO compression algorithms: zlib zstd
gcc version 11.2.0 (Rev10, Built by MSYS2 project) 
configure:3855: $? = 0
configure:3844: gcc -V >&5
gcc.exe: error: unrecognized command-line option '-V'
gcc.exe: fatal error: no input files
compilation terminated.
configure:3855: $? = 1
configure:3844: gcc -qversion >&5
gcc.exe: error: unrecognized command-line option '-qversion'; did you mean '--version'?
gcc.exe: fatal error: no input files
compilation terminated.
configure:3855: $? = 1
configure:3844: gcc -version >&5
gcc.exe: error: unrecognized command-line option '-version'
gcc.exe: fatal error: no input files
compilation terminated.
configure:3855: $? = 1
configure:3875: checking whether the C compiler works
configure:3897: gcc    conftest.c  >&5
configure:3901: $? = 0
configure:3951: result: yes
configure:3954: checking for C compiler default output file name
configure:3956: result: a.exe
configure:3962: checking for suffix of executables
configure:3969: gcc -o conftest.exe    conftest.c  >&5
configure:3973: $? = 0
configure:3996: result: .exe
configure:4018: checking whether we are cross compiling
configure:4026: gcc -o conftest.exe    conftest.c  >&5
configure:4030: $? = 0
configure:4037: ./conftest.exe
configure:4041: $? = 0
configure:4056: result: no
configure:4061: checking for suffix of object files
configure:4084: gcc -c   conftest.c >&5
configure:4088: $? = 0
configure:4110: result: o
configure:4114: checking whether the compiler supports GNU C
configure:4134: gcc -c   conftest.c >&5
configure:4134: $? = 0
configure:4144: result: yes
configure:4155: checking whether gcc accepts -g
configure:4176: gcc -c -g  conftest.c >&5
configure:4176: $? = 0
configure:4220: result: yes
configure:4240: checking for gcc option to enable C11 features
configure:4255: gcc  -c -g -O2  conftest.c >&5
configure:4255: $? = 0
configure:4273: result: none needed
configure:4389: checking whether gcc understands -c and -o together
configure:4412: gcc -c conftest.c -o conftest2.o
configure:4415: $? = 0
configure:4412: gcc -c conftest.c -o conftest2.o
configure:4415: $? = 0
configure:4427: result: yes
configure:4447: checking whether make supports the include directive
configure:4462: make -f confmf.GNU && cat confinc.out
this is the am__doit target
configure:4465: $? = 0
configure:4484: result: yes (GNU style)
configure:4510: checking dependency style of gcc
configure:4622: result: gcc3
configure:4650: checking for gcc option to support OpenMP
configure:4672: gcc -c -g -O2   conftest.c >&5
conftest.c:13:2: error: #error "OpenMP not supported"
   13 | #error "OpenMP not supported"
      |  ^~~~~
configure:4672: $? = 1
configure: failed program was:
| /* confdefs.h */
| #define PACKAGE_NAME "LargeTIFFTools Software"
| #define PACKAGE_TARNAME "largetifftools"
| #define PACKAGE_VERSION "1.4.1"
| #define PACKAGE_STRING "LargeTIFFTools Software 1.4.1"
| #define PACKAGE_BUGREPORT ""
| #define PACKAGE_URL ""
| #define PACKAGE "largetifftools"
| #define VERSION "1.4.1"
| /* end confdefs.h.  */
| 
| #ifndef _OPENMP
| #error "OpenMP not supported"
| #endif
| #include <omp.h>
| int main (void) { return omp_get_num_threads (); }
| 
configure:4672: gcc -c -g -O2 -fopenmp  conftest.c >&5
configure:4672: $? = 0
configure:4684: gcc -o conftest.exe -g -O2 -fopenmp   conftest.c  >&5
configure:4684: $? = 0
configure:4707: result: -fopenmp
configure:4725: checking for stdio.h
configure:4725: gcc -c -g -O2 -fopenmp  conftest.c >&5
configure:4725: $? = 0
configure:4725: result: yes
configure:4725: checking for stdlib.h
configure:4725: gcc -c -g -O2 -fopenmp  conftest.c >&5
configure:4725: $? = 0
configure:4725: result: yes
configure:4725: checking for string.h
configure:4725: gcc -c -g -O2 -fopenmp  conftest.c >&5
configure:4725: $? = 0
configure:4725: result: yes
configure:4725: checking for inttypes.h
configure:4725: gcc -c -g -O2 -fopenmp  conftest.c >&5
configure:4725: $? = 0
configure:4725: result: yes
configure:4725: checking for stdint.h
configure:4725: gcc -c -g -O2 -fopenmp  conftest.c >&5
configure:4725: $? = 0
configure:4725: result: yes
configure:4725: checking for strings.h
configure:4725: gcc -c -g -O2 -fopenmp  conftest.c >&5
configure:4725: $? = 0
configure:4725: result: yes
configure:4725: checking for sys/stat.h
configure:4725: gcc -c -g -O2 -fopenmp  conftest.c >&5
configure:4725: $? = 0
configure:4725: result: yes
configure:4725: checking for sys/types.h
configure:4725: gcc -c -g -O2 -fopenmp  conftest.c >&5
configure:4725: $? = 0
configure:4725: result: yes
configure:4725: checking for unistd.h
configure:4725: gcc -c -g -O2 -fopenmp  conftest.c >&5
configure:4725: $? = 0
configure:4725: result: yes
configure:4750: checking for stdlib.h
configure:4750: result: yes
configure:4756: checking for string.h
configure:4756: result: yes
configure:4762: checking for strings.h
configure:4762: result: yes
configure:4771: checking for size_t
configure:4771: gcc -c -g -O2 -fopenmp  conftest.c >&5
configure:4771: $? = 0
configure:4771: gcc -c -g -O2 -fopenmp  conftest.c >&5
conftest.c: In function 'main':
conftest.c:55:21: error: expected expression before ')' token
   55 | if (sizeof ((size_t)))
      |                     ^
configure:4771: $? = 1
configure: failed program was:
| /* confdefs.h */
| #define PACKAGE_NAME "LargeTIFFTools Software"
| #define PACKAGE_TARNAME "largetifftools"
| #define PACKAGE_VERSION "1.4.1"
| #define PACKAGE_STRING "LargeTIFFTools Software 1.4.1"
| #define PACKAGE_BUGREPORT ""
| #define PACKAGE_URL ""
| #define PACKAGE "largetifftools"
| #define VERSION "1.4.1"
| #define HAVE_STDIO_H 1
| #define HAVE_STDLIB_H 1
| #define HAVE_STRING_H 1
| #define HAVE_INTTYPES_H 1
| #define HAVE_STDINT_H 1
| #define HAVE_STRINGS_H 1
| #define HAVE_SYS_STAT_H 1
| #define HAVE_SYS_TYPES_H 1
| #define HAVE_UNISTD_H 1
| #define STDC_HEADERS 1
| #define HAVE_STDLIB_H 1
| #define HAVE_STRING_H 1
| #define HAVE_STRINGS_H 1
| /* end confdefs.h.  */
| #include <stddef.h>
| #ifdef HAVE_STDIO_H
| # include <stdio.h>
| #endif
| #ifdef HAVE_STDLIB_H
| # include <stdlib.h>
| #endif
| #ifdef HAVE_STRING_H
| # include <string.h>
| #endif
| #ifdef HAVE_INTTYPES_H
| # include <inttypes.h>
| #endif
| #ifdef HAVE_STDINT_H
| # include <stdint.h>
| #endif
| #ifdef HAVE_STRINGS_H
| # include <strings.h>
| #endif
| #ifdef HAVE_SYS_TYPES_H
| # include <sys/types.h>
| #endif
| #ifdef HAVE_SYS_STAT_H
| # include <sys/stat.h>
| #endif
| #ifdef HAVE_UNISTD_H
| # include <unistd.h>
| #endif
| int
| main (void)
| {
| if (sizeof ((size_t)))
| 	    return 0;
|   ;
|   return 0;
| }
configure:4771: result: yes
configure:4784: checking for strcasecmp
configure:4784: gcc -o conftest.exe -g -O2 -fopenmp   conftest.c  >&5
conftest.c:40:6: warning: conflicting types for built-in function 'strcasecmp'; expected 'int(const char *, const char *)' [-Wbuiltin-declaration-mismatch]
   40 | char strcasecmp ();
      |      ^~~~~~~~~~
configure:4784: $? = 0
configure:4784: result: yes
configure:4790: checking for strchr
configure:4790: gcc -o conftest.exe -g -O2 -fopenmp   conftest.c  >&5
conftest.c:41:6: warning: conflicting types for built-in function 'strchr'; expected 'char *(const char *, int)' [-Wbuiltin-declaration-mismatch]
   41 | char strchr ();
      |      ^~~~~~
conftest.c:33:1: note: 'strchr' is declared in header '<string.h>'
   32 | #include <limits.h>
   33 | #undef strchr
configure:4790: $? = 0
configure:4790: result: yes
configure:4796: checking for strncasecmp
configure:4796: gcc -o conftest.exe -g -O2 -fopenmp   conftest.c  >&5
conftest.c:42:6: warning: conflicting types for built-in function 'strncasecmp'; expected 'int(const char *, const char *, long long unsigned int)' [-Wbuiltin-declaration-mismatch]
   42 | char strncasecmp ();
      |      ^~~~~~~~~~~
configure:4796: $? = 0
configure:4796: result: yes
configure:4802: checking for strtoul
configure:4802: gcc -o conftest.exe -g -O2 -fopenmp   conftest.c  >&5
configure:4802: $? = 0
configure:4802: result: yes
configure:4808: checking for strtoull
configure:4808: gcc -o conftest.exe -g -O2 -fopenmp   conftest.c  >&5
configure:4808: $? = 0
configure:4808: result: yes
configure:4816: checking for lroundl in -lm
configure:4839: gcc -o conftest.exe -g -O2 -fopenmp   conftest.c -lm   >&5
conftest.c:33:6: warning: conflicting types for built-in function 'lroundl'; expected 'long int(long double)' [-Wbuiltin-declaration-mismatch]
   33 | char lroundl ();
      |      ^~~~~~~
conftest.c:1:1: note: 'lroundl' is declared in header '<math.h>'
    1 | /* confdefs.h */
configure:4839: $? = 0
configure:4849: result: yes
configure:4872: checking for special C compiler options needed for large files
configure:4920: result: no
configure:4926: checking for _FILE_OFFSET_BITS value needed for large files
configure:4952: gcc -c -g -O2 -fopenmp  conftest.c >&5
conftest.c:35:39: warning: result of '-2147483648 << 31' requires 63 bits to represent, but 'long int' only has 32 bits [-Wshift-overflow=]
   35 | #define LARGE_OFF_T (((off_t) 1 << 31 << 31) - 1 + ((off_t) 1 << 31 << 31))
      |                                       ^~
conftest.c:36:23: note: in expansion of macro 'LARGE_OFF_T'
   36 |   int off_t_is_large[(LARGE_OFF_T % 2147483629 == 721
      |                       ^~~~~~~~~~~
conftest.c:35:69: warning: result of '-2147483648 << 31' requires 63 bits to represent, but 'long int' only has 32 bits [-Wshift-overflow=]
   35 | #define LARGE_OFF_T (((off_t) 1 << 31 << 31) - 1 + ((off_t) 1 << 31 << 31))
      |                                                                     ^~
conftest.c:36:23: note: in expansion of macro 'LARGE_OFF_T'
   36 |   int off_t_is_large[(LARGE_OFF_T % 2147483629 == 721
      |                       ^~~~~~~~~~~
conftest.c:35:39: warning: result of '-2147483648 << 31' requires 63 bits to represent, but 'long int' only has 32 bits [-Wshift-overflow=]
   35 | #define LARGE_OFF_T (((off_t) 1 << 31 << 31) - 1 + ((off_t) 1 << 31 << 31))
      |                                       ^~
conftest.c:37:27: note: in expansion of macro 'LARGE_OFF_T'
   37 |                        && LARGE_OFF_T % 2147483647 == 1)
      |                           ^~~~~~~~~~~
conftest.c:35:69: warning: result of '-2147483648 << 31' requires 63 bits to represent, but 'long int' only has 32 bits [-Wshift-overflow=]
   35 | #define LARGE_OFF_T (((off_t) 1 << 31 << 31) - 1 + ((off_t) 1 << 31 << 31))
      |                                                                     ^~
conftest.c:37:27: note: in expansion of macro 'LARGE_OFF_T'
   37 |                        && LARGE_OFF_T % 2147483647 == 1)
      |                           ^~~~~~~~~~~
conftest.c:36:7: error: variably modified 'off_t_is_large' at file scope
   36 |   int off_t_is_large[(LARGE_OFF_T % 2147483629 == 721
      |       ^~~~~~~~~~~~~~
configure:4952: $? = 1
configure: failed program was:
| /* confdefs.h */
| #define PACKAGE_NAME "LargeTIFFTools Software"
| #define PACKAGE_TARNAME "largetifftools"
| #define PACKAGE_VERSION "1.4.1"
| #define PACKAGE_STRING "LargeTIFFTools Software 1.4.1"
| #define PACKAGE_BUGREPORT ""
| #define PACKAGE_URL ""
| #define PACKAGE "largetifftools"
| #define VERSION "1.4.1"
| #define HAVE_STDIO_H 1
| #define HAVE_STDLIB_H 1
| #define HAVE_STRING_H 1
| #define HAVE_INTTYPES_H 1
| #define HAVE_STDINT_H 1
| #define HAVE_STRINGS_H 1
| #define HAVE_SYS_STAT_H 1
| #define HAVE_SYS_TYPES_H 1
| #define HAVE_UNISTD_H 1
| #define STDC_HEADERS 1
| #define HAVE_STDLIB_H 1
| #define HAVE_STRING_H 1
| #define HAVE_STRINGS_H 1
| #define HAVE_STRCASECMP 1
| #define HAVE_STRCHR 1
| #define HAVE_STRNCASECMP 1
| #define HAVE_STRTOUL 1
| #define HAVE_STRTOULL 1
| #define HAVE_LIBM 1
| /* end confdefs.h.  */
| #include <sys/types.h>
|  /* Check that off_t can represent 2**63 - 1 correctly.
|     We can't simply define LARGE_OFF_T to be 9223372036854775807,
|     since some C++ compilers masquerading as C compilers
|     incorrectly reject 9223372036854775807.  */
| #define LARGE_OFF_T (((off_t) 1 << 31 << 31) - 1 + ((off_t) 1 << 31 << 31))
|   int off_t_is_large[(LARGE_OFF_T % 2147483629 == 721
| 		       && LARGE_OFF_T % 2147483647 == 1)
| 		      ? 1 : -1];
| int
| main (void)
| {
| 
|   ;
|   return 0;
| }
configure:4977: gcc -c -g -O2 -fopenmp  conftest.c >&5
configure:4977: $? = 0
configure:4986: result: 64
configure:5094: checking for jpeg_read_scanlines in -ljpeg
configure:5117: gcc -o conftest.exe -g -O2 -fopenmp   conftest.c -ljpeg  -lm  >&5
configure:5117: $? = 0
configure:5127: result: yes
configure:5147: checking for jpeglib.h
configure:5147: gcc -c -g -O2 -fopenmp  conftest.c >&5
configure:5147: $? = 0
configure:5147: result: yes
configure:5190: checking for png_create_write_struct in -lpng
configure:5213: gcc -o conftest.exe -g -O2 -fopenmp   conftest.c -lpng  -ljpeg -lm  >&5
configure:5213: $? = 0
configure:5223: result: yes
configure:5239: checking for png.h
configure:5239: gcc -c -g -O2 -fopenmp  conftest.c >&5
configure:5239: $? = 0
configure:5239: result: yes
configure:5263: checking if libpng defines type png_const_bytep
configure:5276: gcc -c -g -O2 -fopenmp  conftest.c >&5
configure:5276: $? = 0
configure:5294: result: yes
configure:5327: checking for ZSTD_decompressStream in -lzstd
configure:5350: gcc -o conftest.exe -g -O2 -fopenmp   conftest.c -lzstd  -lpng -ljpeg -lm  >&5
configure:5350: $? = 0
configure:5360: result: yes
configure:5376: checking for zstd.h
configure:5376: gcc -c -g -O2 -fopenmp  conftest.c >&5
configure:5376: $? = 0
configure:5376: result: yes
configure:5446: checking for WebPDecode in -lwebp
configure:5469: gcc -o conftest.exe -g -O2 -fopenmp   conftest.c -lwebp  -lzstd -lpng -ljpeg -lm  >&5
configure:5469: $? = 0
configure:5479: result: yes
configure:5495: checking for webp/decode.h
configure:5495: gcc -c -g -O2 -fopenmp  conftest.c >&5
configure:5495: $? = 0
configure:5495: result: yes
configure:5557: checking for TIFFReadScanline in -ltiff
configure:5580: gcc -o conftest.exe -g -O2 -fopenmp   conftest.c -ltiff  -lwebp -lzstd -lpng -ljpeg -lm  >&5
configure:5580: $? = 0
configure:5590: result: yes
configure:5606: checking for TIFFTileSize64 in -ltiff
configure:5629: gcc -o conftest.exe -g -O2 -fopenmp   conftest.c -ltiff  -lwebp -lzstd -lpng -ljpeg -lm  >&5
configure:5629: $? = 0
configure:5639: result: yes
configure:5656: checking for tiff.h
configure:5656: gcc -c -g -O2 -fopenmp  conftest.c >&5
configure:5656: $? = 0
configure:5656: result: yes
configure:5664: checking for tiffio.h
configure:5664: gcc -c -g -O2 -fopenmp  conftest.c >&5
configure:5664: $? = 0
configure:5664: result: yes
configure:5697: checking size of signed int
configure:5703: gcc -o conftest.exe -g -O2 -fopenmp   conftest.c -ltiff -lwebp -lzstd -lpng -ljpeg -lm  >&5
configure:5703: $? = 0
configure:5703: ./conftest.exe
configure:5703: $? = 0
configure:5718: result: 4
configure:5732: checking size of unsigned int
configure:5738: gcc -o conftest.exe -g -O2 -fopenmp   conftest.c -ltiff -lwebp -lzstd -lpng -ljpeg -lm  >&5
configure:5738: $? = 0
configure:5738: ./conftest.exe
configure:5738: $? = 0
configure:5753: result: 4
configure:5767: checking size of signed long
configure:5773: gcc -o conftest.exe -g -O2 -fopenmp   conftest.c -ltiff -lwebp -lzstd -lpng -ljpeg -lm  >&5
configure:5773: $? = 0
configure:5773: ./conftest.exe
configure:5773: $? = 0
configure:5788: result: 4
configure:5802: checking size of unsigned long
configure:5808: gcc -o conftest.exe -g -O2 -fopenmp   conftest.c -ltiff -lwebp -lzstd -lpng -ljpeg -lm  >&5
configure:5808: $? = 0
configure:5808: ./conftest.exe
configure:5808: $? = 0
configure:5823: result: 4
configure:5843: checking size of unsigned long long
configure:5849: gcc -o conftest.exe -g -O2 -fopenmp   conftest.c -ltiff -lwebp -lzstd -lpng -ljpeg -lm  >&5
configure:5849: $? = 0
configure:5849: ./conftest.exe
configure:5849: $? = 0
configure:5864: result: 8
configure:5879: checking size of size_t
configure:5885: gcc -o conftest.exe -g -O2 -fopenmp   conftest.c -ltiff -lwebp -lzstd -lpng -ljpeg -lm  >&5
configure:5885: $? = 0
configure:5885: ./conftest.exe
configure:5885: $? = 0
configure:5900: result: 8
configure:5909: checking for signed 32-bit format
configure:5926: result: "%d"
configure:5929: checking for unsigned 32-bit format
configure:5946: result: "%u"
configure:5949: checking for signed 64-bit format
configure:5976: result: none
configure:5980: checking for unsigned 64-bit format
configure:6014: result: "%llu"
configure:6017: checking for 'size_t' format specifier
configure:6038: result: "%llu"
configure:6149: checking that generated files are newer than configure
configure:6155: result: done
configure:6186: creating ./config.status

## ---------------------- ##
## Running config.status. ##
## ---------------------- ##

This file was extended by LargeTIFFTools Software config.status 1.4.1, which was
generated by GNU Autoconf 2.71.  Invocation command line was

  CONFIG_FILES    = 
  CONFIG_HEADERS  = 
  CONFIG_LINKS    = 
  CONFIG_COMMANDS = 
  $ ./config.status 

on RyzenDesktop

config.status:881: creating Makefile
config.status:881: creating doc/Makefile
config.status:881: creating man/Makefile
config.status:881: creating src/Makefile
config.status:881: creating test/Makefile
config.status:881: creating config.h
config.status:1110: executing depfiles commands
config.status:1187: cd src       && sed -e '/# am--include-marker/d' Makefile         | make -f - am--depfiles
config.status:1192: $? = 0
configure:7509: result:
LargeTIFFTools are now configured with:

  Installation directory:             /mingw64
  C compiler:                         gcc -g -O2 -fopenmp
  OpenMP compiler flags:              -fopenmp

  Support BigTIFF:                    yes
  Support PNG writing:                yes
  Support ZSTD compression:           yes
  Support WebP compression:           yes


## ---------------- ##
## Cache variables. ##
## ---------------- ##

ac_cv_c_compiler_gnu=yes
ac_cv_env_CC_set=
ac_cv_env_CC_value=
ac_cv_env_CFLAGS_set=
ac_cv_env_CFLAGS_value=
ac_cv_env_CPPFLAGS_set=
ac_cv_env_CPPFLAGS_value=
ac_cv_env_LDFLAGS_set=
ac_cv_env_LDFLAGS_value=
ac_cv_env_LIBS_set=
ac_cv_env_LIBS_value=
ac_cv_env_build_alias_set=
ac_cv_env_build_alias_value=
ac_cv_env_host_alias_set=
ac_cv_env_host_alias_value=
ac_cv_env_target_alias_set=
ac_cv_env_target_alias_value=
ac_cv_exeext=.exe
ac_cv_func_strcasecmp=yes
ac_cv_func_strchr=yes
ac_cv_func_strncasecmp=yes
ac_cv_func_strtoul=yes
ac_cv_func_strtoull=yes
ac_cv_header_inttypes_h=yes
ac_cv_header_jpeglib_h=yes
ac_cv_header_png_h=yes
ac_cv_header_stdint_h=yes
ac_cv_header_stdio_h=yes
ac_cv_header_stdlib_h=yes
ac_cv_header_string_h=yes
ac_cv_header_strings_h=yes
ac_cv_header_sys_stat_h=yes
ac_cv_header_sys_types_h=yes
ac_cv_header_tiff_h=yes
ac_cv_header_tiffio_h=yes
ac_cv_header_unistd_h=yes
ac_cv_header_webp_decode_h=yes
ac_cv_header_zstd_h=yes
ac_cv_lib_jpeg_jpeg_read_scanlines=yes
ac_cv_lib_m_lroundl=yes
ac_cv_lib_png_png_create_write_struct=yes
ac_cv_lib_tiff_TIFFReadScanline=yes
ac_cv_lib_tiff_TIFFTileSize64=yes
ac_cv_lib_webp_WebPDecode=yes
ac_cv_lib_zstd_ZSTD_decompressStream=yes
ac_cv_objext=o
ac_cv_path_install='/usr/bin/install -c'
ac_cv_path_mkdir=/usr/bin/mkdir
ac_cv_prog_AWK=gawk
ac_cv_prog_ac_ct_CC=gcc
ac_cv_prog_c_openmp=-fopenmp
ac_cv_prog_cc_c11=
ac_cv_prog_cc_g=yes
ac_cv_prog_cc_stdc=
ac_cv_prog_make_make_set=yes
ac_cv_sizeof_signed_int=4
ac_cv_sizeof_signed_long=4
ac_cv_sizeof_size_t=8
ac_cv_sizeof_unsigned_int=4
ac_cv_sizeof_unsigned_long=4
ac_cv_sizeof_unsigned_long_long=8
ac_cv_sys_file_offset_bits=64
ac_cv_sys_largefile_CC=no
ac_cv_type_size_t=yes
am_cv_CC_dependencies_compiler_type=gcc3
am_cv_make_support_nested_variables=yes
am_cv_prog_cc_c_o=yes

## ----------------- ##
## Output variables. ##
## ----------------- ##

ACLOCAL='${SHELL} '\''/d/projects/largetifftools-1.4.1/missing'\'' aclocal-1.16'
AMDEPBACKSLASH='\'
AMDEP_FALSE='#'
AMDEP_TRUE=''
AMTAR='$${TAR-tar}'
AM_BACKSLASH='\'
AM_DEFAULT_V='$(AM_DEFAULT_VERBOSITY)'
AM_DEFAULT_VERBOSITY='1'
AM_V='$(V)'
AUTOCONF='${SHELL} '\''/d/projects/largetifftools-1.4.1/missing'\'' autoconf'
AUTOHEADER='${SHELL} '\''/d/projects/largetifftools-1.4.1/missing'\'' autoheader'
AUTOMAKE='${SHELL} '\''/d/projects/largetifftools-1.4.1/missing'\'' automake-1.16'
AWK='gawk'
CC='gcc'
CCDEPMODE='depmode=gcc3'
CFLAGS='-g -O2 -fopenmp'
CPPFLAGS=''
CSCOPE='cscope'
CTAGS='ctags'
CYGPATH_W='cygpath -w'
DEFS='-DHAVE_CONFIG_H'
DEPDIR='.deps'
ECHO_C=''
ECHO_N='-n'
ECHO_T=''
ETAGS='etags'
EXEEXT='.exe'
HAVE_WEBP_FALSE='#'
HAVE_WEBP_TRUE=''
HAVE_ZSTD_FALSE='#'
HAVE_ZSTD_TRUE=''
INSTALL_DATA='${INSTALL} -m 644'
INSTALL_PROGRAM='${INSTALL}'
INSTALL_SCRIPT='${INSTALL}'
INSTALL_STRIP_PROGRAM='$(install_sh) -c -s'
LDFLAGS=''
LIBOBJS=''
LIBS='-ltiff -lwebp -lzstd -lpng -ljpeg -lm '
LTLIBOBJS=''
MAKEINFO='${SHELL} '\''/d/projects/largetifftools-1.4.1/missing'\'' makeinfo'
MKDIR_P='/usr/bin/mkdir -p'
OBJEXT='o'
OPENMP_CFLAGS='-fopenmp'
PACKAGE='largetifftools'
PACKAGE_BUGREPORT=''
PACKAGE_NAME='LargeTIFFTools Software'
PACKAGE_STRING='LargeTIFFTools Software 1.4.1'
PACKAGE_TARNAME='largetifftools'
PACKAGE_URL=''
PACKAGE_VERSION='1.4.1'
PATH_SEPARATOR=':'
SET_MAKE=''
SHELL='/bin/sh'
STRIP=''
VERSION='1.4.1'
ac_ct_CC='gcc'
am__EXEEXT_FALSE='#'
am__EXEEXT_TRUE=''
am__fastdepCC_FALSE='#'
am__fastdepCC_TRUE=''
am__include='include'
am__isrc=''
am__leading_dot='.'
am__nodep='_no'
am__quote=''
am__tar='$${TAR-tar} chof - "$$tardir"'
am__untar='$${TAR-tar} xf -'
bindir='${exec_prefix}/bin'
build_alias='x86_64-w64-mingw32'
datadir='${datarootdir}'
datarootdir='${prefix}/share'
docdir='${datarootdir}/doc/${PACKAGE_TARNAME}'
dvidir='${docdir}'
exec_prefix='${prefix}'
host_alias=''
htmldir='${docdir}'
includedir='${prefix}/include'
infodir='${datarootdir}/info'
install_sh='${SHELL} /d/projects/largetifftools-1.4.1/install-sh'
libdir='${exec_prefix}/lib'
libexecdir='${exec_prefix}/libexec'
localedir='${datarootdir}/locale'
localstatedir='${prefix}/var'
mandir='${datarootdir}/man'
mkdir_p='$(MKDIR_P)'
oldincludedir='/usr/include'
pdfdir='${docdir}'
prefix='/mingw64'
program_transform_name='s,x,x,'
psdir='${docdir}'
runstatedir='${localstatedir}/run'
sbindir='${exec_prefix}/sbin'
sharedstatedir='${prefix}/com'
sysconfdir='${prefix}/etc'
target_alias=''

## ----------- ##
## confdefs.h. ##
## ----------- ##

/* confdefs.h */
#define PACKAGE_NAME "LargeTIFFTools Software"
#define PACKAGE_TARNAME "largetifftools"
#define PACKAGE_VERSION "1.4.1"
#define PACKAGE_STRING "LargeTIFFTools Software 1.4.1"
#define PACKAGE_BUGREPORT ""
#define PACKAGE_URL ""
#define PACKAGE "largetifftools"
#define VERSION "1.4.1"
#define HAVE_STDIO_H 1
#define HAVE_STDLIB_H 1
#define HAVE_STRING_H 1
#define HAVE_INTTYPES_H 1
#define HAVE_STDINT_H 1
#define HAVE_STRINGS_H 1
#define HAVE_SYS_STAT_H 1
#define HAVE_SYS_TYPES_H 1
#define HAVE_UNISTD_H 1
#define STDC_HEADERS 1
#define HAVE_STDLIB_H 1
#define HAVE_STRING_H 1
#define HAVE_STRINGS_H 1
#define HAVE_STRCASECMP 1
#define HAVE_STRCHR 1
#define HAVE_STRNCASECMP 1
#define HAVE_STRTOUL 1
#define HAVE_STRTOULL 1
#define HAVE_LIBM 1
#define _FILE_OFFSET_BITS 64
#define HAVE_PNG 1
#define HAVE_PNG_CONST_BYTEP 1
#define ZSTD_SUPPORT 1
#define WEBP_SUPPORT 1
#define SIZEOF_SIGNED_INT 4
#define SIZEOF_UNSIGNED_INT 4
#define SIZEOF_SIGNED_LONG 4
#define SIZEOF_UNSIGNED_LONG 4
#define SIZEOF_UNSIGNED_LONG_LONG 8
#define SIZEOF_SIZE_T 8
#define INT32_FORMAT "%d"
#define UINT32_FORMAT "%u"
#define INT64_FORMAT none
#define UINT64_FORMAT "%llu"
#define UINT64_HEX_FORMAT "%llx"
#define SIZE_FORMAT "%llu"

configure: exit 0
